Arguments: 
  D:\Software\node.exe C:\Users\Vedant Goswami\AppData\Roaming\npm\node_modules\yarn\bin\yarn.js add react-native-input-spinnerconda activate pygame_env

PATH: 
  D:\Software\dbhomeXE\bin;C:\Program Files\NVIDIA GPU Computing Toolkit\CUDA\v10.1\bin;C:\Program Files\NVIDIA GPU Computing Toolkit\CUDA\v10.1\libnvvp;C:\Windows\system32;C:\Windows;C:\Windows\System32\Wbem;C:\Windows\System32\WindowsPowerShell\v1.0\;C:\Windows\System32\OpenSSH\;C:\Program Files (x86)\NVIDIA Corporation\PhysX\Common;C:\Program Files\Java\jdk-14.0.1\bin;C:\Users\Vedant Goswami\AppData\Local\Continuum\anaconda3;C:\Users\Vedant Goswami\AppData\Local\Continuum\anaconda3\Library\mingw-w64\bin;C:\Users\Vedant Goswami\AppData\Local\Continuum\anaconda3\Library\usr\bin;C:\Users\Vedant Goswami\AppData\Local\Continuum\anaconda3\Library\bin;C:\Users\Vedant Goswami\AppData\Local\Continuum\anaconda3\Scripts;C:\Users\Vedant Goswami\AppData\Local\Microsoft\WindowsApps;C:\adb;C:\cuda\bin;C:\cuda\include;C:\cuda\lib\x64;C:\Program Files\NVIDIA Corporation\Nsight Compute 2019.4.0\;C:\Program Files\Git\cmd;C:\WINDOWS\system32;C:\WINDOWS;C:\WINDOWS\System32\Wbem;C:\WINDOWS\System32\WindowsPowerShell\v1.0\;C:\WINDOWS\System32\OpenSSH\;C:\Program Files\Git LFS;C:\Program Files\NVIDIA Corporation\NVIDIA NvDLISR;D:\Software\;C:\Program Files\Java\jdk-14.0.1\bin\;C:\Users\Vedant Goswami\AppData\Local\Continuum\anaconda3;C:\Users\Vedant Goswami\AppData\Local\Continuum\anaconda3\Library\mingw-w64\bin;C:\Users\Vedant Goswami\AppData\Local\Continuum\anaconda3\Library\usr\bin;C:\Users\Vedant Goswami\AppData\Local\Continuum\anaconda3\Library\bin;C:\Users\Vedant Goswami\AppData\Local\Continuum\anaconda3\Scripts;C:\Users\Vedant Goswami\AppData\Local\Microsoft\WindowsApps;C:\Program Files\Java\jdk-14.0.1\bin;C:\Program Files\NVIDIA GPU Computing Toolkit\CUDA\v10.1\bin;C:\Program Files\NVIDIA GPU Computing Toolkit\CUDA\v10.1\libnvvp;C:\MinGW\bin;;C:\Users\Vedant Goswami\AppData\Local\Programs\Microsoft VS Code\bin;C:\Users\Vedant Goswami\AppData\Roaming\npm

Yarn version: 
  1.22.11

Node version: 
  14.17.0

Platform: 
  win32 x64

Trace: 
  Error: https://registry.yarnpkg.com/react-native-input-spinnerconda: Not found
      at Request.params.callback [as _callback] (C:\Users\Vedant Goswami\AppData\Roaming\npm\node_modules\yarn\lib\cli.js:66992:18)
      at Request.self.callback (C:\Users\Vedant Goswami\AppData\Roaming\npm\node_modules\yarn\lib\cli.js:140763:22)
      at Request.emit (events.js:376:20)
      at Request.<anonymous> (C:\Users\Vedant Goswami\AppData\Roaming\npm\node_modules\yarn\lib\cli.js:141735:10)
      at Request.emit (events.js:376:20)
      at IncomingMessage.<anonymous> (C:\Users\Vedant Goswami\AppData\Roaming\npm\node_modules\yarn\lib\cli.js:141657:12)
      at Object.onceWrapper (events.js:482:28)
      at IncomingMessage.emit (events.js:388:22)
      at endReadableNT (internal/streams/readable.js:1336:12)
      at processTicksAndRejections (internal/process/task_queues.js:82:21)

npm manifest: 
  {
    "dependencies": {
      "react-countdown-circle-timer": "^2.5.4"
    }
  }

yarn manifest: 
  No manifest

Lockfile: 
  # THIS IS AN AUTOGENERATED FILE. DO NOT EDIT THIS FILE DIRECTLY.
  # yarn lockfile v1
  
  
  react-countdown-circle-timer@^2.5.4:
    version "2.5.4"
    resolved "https://registry.yarnpkg.com/react-countdown-circle-timer/-/react-countdown-circle-timer-2.5.4.tgz#95cb58e5e734deffd9087a13279d8924463cc239"
    integrity sha512-nKGlpS6UzfWI+k66ZVYAjcZZbZeCJuB1Xkcdci+6De1KghHfs5IwjMCdAAcZP1n1m3+tyuhLF+GVB8FRmh27RQ==
    dependencies:
      use-elapsed-time "2.1.8"
  
  use-elapsed-time@2.1.8:
    version "2.1.8"
    resolved "https://registry.yarnpkg.com/use-elapsed-time/-/use-elapsed-time-2.1.8.tgz#3c830ae730e2bc204f2294b66be15580f0016ea5"
    integrity sha512-lNLTDffKHdHWweQNvnch9tFI2eRP3tXccSLrwE7U6xrfyWFNEgNQZWWsGhQvtwKa0kJ6L+7E5wKbi3jg86opjg==
